<?xml version="1.0" encoding="UTF-8"?>
<!-- Generated by org.testng.reporters.JUnitReportReporter -->
<testsuite hostname="SudhagarR" failures="0" tests="1" name="testCases.TC001_AccountRegistrationTest" time="4.021" errors="0" timestamp="2024-12-28T19:45:25 PST" skipped="0">
  <testcase classname="testCases.TC001_AccountRegistrationTest" name="verify_account_registration" time="4.021"/>
</testsuite> <!-- testCases.TC001_AccountRegistrationTest -->
