<?xml version="1.0" encoding="UTF-8"?>
<!-- Generated by org.testng.reporters.JUnitReportReporter -->
<testsuite hostname="SudhagarR" failures="0" tests="1" name="testCases.TC002_LoginTest" time="2.180" errors="0" timestamp="2024-12-26T13:26:58 PST" skipped="0">
  <testcase classname="testCases.TC002_LoginTest" name="verify_Login" time="2.180"/>
</testsuite> <!-- testCases.TC002_LoginTest -->
