<?xml version="1.0" encoding="UTF-8"?>
<!-- Generated by org.testng.reporters.JUnitReportReporter -->
<testsuite hostname="SudhagarR" failures="0" tests="1" name="testCases.TC002_LoginTest" time="2.049" errors="0" timestamp="2024-12-24T10:42:23 PST" skipped="0">
  <testcase classname="testCases.TC002_LoginTest" name="verify_Login" time="2.049"/>
</testsuite> <!-- testCases.TC002_LoginTest -->
